Log file open, 12/06/17 21:23:48
LogWindows: LoadLibraryWithSearchPaths failed for file aqProf.dll. GetLastError=0
LogWindows: LoadLibraryWithSearchPaths failed for file VtuneApi.dll. GetLastError=0
LogWindows: LoadLibraryWithSearchPaths failed for file VtuneApi32e.dll. GetLastError=0
LogInit: Display: Running engine for game: TDgame2
LogPlatformFile: Not using cached read wrapper
LogInit: Display: RandInit(-199406962) SRandInit(-199406962).
LogTaskGraph: Started task graph with 5 named threads and 14 total threads with 3 sets of task threads.
LogStats: Stats thread started at 0.168791
LogD3D11RHI: Aftermath initialized
LogPluginManager: Mounting plugin Paper2D
LogPluginManager: Mounting plugin LightPropagationVolume
LogPluginManager: Mounting plugin CodeLiteSourceCodeAccess
LogPluginManager: Mounting plugin GitSourceControl
LogPluginManager: Mounting plugin KDevelopSourceCodeAccess
LogPluginManager: Mounting plugin NullSourceCodeAccess
LogPluginManager: Mounting plugin PerforceSourceControl
LogPluginManager: Mounting plugin SubversionSourceControl
LogPluginManager: Mounting plugin UObjectPlugin
LogPluginManager: Mounting plugin VisualStudioSourceCodeAccess
LogPluginManager: Mounting plugin XCodeSourceCodeAccess
LogPluginManager: Mounting plugin AssetManagerEditor
LogPluginManager: Mounting plugin AudioCapture
LogPluginManager: Mounting plugin FacialAnimation
LogPluginManager: Mounting plugin GameplayTagsEditor
LogPluginManager: Mounting plugin MobileLauncherProfileWizard
LogPluginManager: Mounting plugin PluginBrowser
LogPluginManager: Mounting plugin SpeedTreeImporter
LogPluginManager: Mounting plugin AlembicImporter
LogPluginManager: Mounting plugin CharacterAI
LogPluginManager: Mounting plugin HTML5Networking
LogPluginManager: Mounting plugin AndroidMedia
LogPluginManager: Mounting plugin AvfMedia
LogPluginManager: Mounting plugin MediaPlayerEditor
LogPluginManager: Mounting plugin WmfMedia
LogPluginManager: Mounting plugin TcpMessaging
LogPluginManager: Mounting plugin UdpMessaging
LogPluginManager: Mounting plugin LevelSequenceEditor
LogPluginManager: Mounting plugin MatineeToLevelSequence
LogPluginManager: Mounting plugin OnlineSubsystemGooglePlay
LogPluginManager: Mounting plugin OnlineSubsystemIOS
LogPluginManager: Mounting plugin OnlineSubsystem
LogPluginManager: Mounting plugin OnlineSubsystemNull
LogPluginManager: Mounting plugin OnlineSubsystemUtils
LogPluginManager: Mounting plugin AndroidDeviceProfileSelector
LogPluginManager: Mounting plugin AndroidMoviePlayer
LogPluginManager: Mounting plugin AndroidPermission
LogPluginManager: Mounting plugin AppleMoviePlayer
LogPluginManager: Mounting plugin ArchVisCharacter
LogPluginManager: Mounting plugin CableComponent
LogPluginManager: Mounting plugin CustomMeshComponent
LogPluginManager: Mounting plugin ExampleDeviceProfileSelector
LogPluginManager: Mounting plugin GoogleCloudMessaging
LogPluginManager: Mounting plugin ImmediatePhysics
LogPluginManager: Mounting plugin IOSDeviceProfileSelector
LogPluginManager: Mounting plugin LinuxDeviceProfileSelector
LogPluginManager: Mounting plugin LocationServicesBPLibrary
LogPluginManager: Mounting plugin MobilePatchingUtils
LogPluginManager: Mounting plugin OculusVR
LogPluginManager: Mounting plugin PhysXVehicles
LogPluginManager: Mounting plugin ProceduralMeshComponent
LogPluginManager: Mounting plugin RuntimePhysXCooking
LogPluginManager: Mounting plugin SteamVR
LogPluginManager: Mounting plugin WindowsMoviePlayer
LogInit: Using libcurl 7.47.1
LogInit:  - built for x86_64-pc-win32
LogInit:  - supports SSL with OpenSSL/1.0.2g
LogInit:  - supports HTTP deflate (compression) using libz 1.2.8
LogInit:  - other features:
LogInit:      CURL_VERSION_SSL
LogInit:      CURL_VERSION_LIBZ
LogInit:      CURL_VERSION_IPV6
LogInit:      CURL_VERSION_ASYNCHDNS
LogInit:      CURL_VERSION_LARGEFILE
LogInit:      CURL_VERSION_IDN
LogInit:  CurlRequestOptions (configurable via config and command line):
LogInit:  - bVerifyPeer = false  - Libcurl will NOT verify peer certificate
LogInit:  - bUseHttpProxy = false  - Libcurl will NOT use HTTP proxy
LogInit:  - bDontReuseConnections = false  - Libcurl will reuse connections
LogInit:  - CertBundlePath = nullptr  - Libcurl will use whatever was configured at build time.
LogHMD: Failed initializing OVRPlugin 1.15.0
LogInit: Build: ++UE4+Release-4.17-CL-3586342
LogInit: Engine Version: 4.17.1-3586342+++UE4+Release-4.17
LogInit: Compatible Engine Version: 4.17.0-3573198+++UE4+Release-4.17
LogInit: Net CL: 3573198
LogDevObjectVersion: Number of dev versions registered: 16
LogDevObjectVersion:   Dev-Blueprints (B0D832E4-1F89-4F0D-ACCF-7EB736FD4AA2): 10
LogDevObjectVersion:   Dev-Build (E1C64328-A22C-4D53-A36C-8E866417BD8C): 0
LogDevObjectVersion:   Dev-Core (375EC13C-06E4-48FB-B500-84F0262A717E): 2
LogDevObjectVersion:   Dev-Editor (E4B068ED-F494-42E9-A231-DA0B2E46BB41): 20
LogDevObjectVersion:   Dev-Framework (CFFC743F-43B0-4480-9391-14DF171D2073): 28
LogDevObjectVersion:   Dev-Mobile (B02B49B5-BB20-44E9-A304-32B752E40360): 0
LogDevObjectVersion:   Dev-Networking (A4E4105C-59A1-49B5-A7C5-40C4547EDFEE): 0
LogDevObjectVersion:   Dev-Online (39C831C9-5AE6-47DC-9A44-9C173E1C8E7C): 0
LogDevObjectVersion:   Dev-Physics (78F01B33-EBEA-4F98-B9B4-84EACCB95AA2): 0
LogDevObjectVersion:   Dev-Platform (6631380F-2D4D-43E0-8009-CF276956A95A): 0
LogDevObjectVersion:   Dev-Rendering (12F88B9F-8875-4AFC-A67C-D90C383ABD29): 19
LogDevObjectVersion:   Dev-Sequencer (7B5AE74C-D270-4C10-A958-57980B212A5A): 4
LogDevObjectVersion:   Dev-VR (D7296918-1DD6-4BDD-9DE2-64A83CC13884): 0
LogDevObjectVersion:   Dev-LoadTimes (C2A15278-BFE7-4AFE-6C17-90FF531DF755): 1
LogDevObjectVersion:   Private-Geometry (6EACA3D4-40EC-4CC1-B786-8BED09428FC5): 1
LogDevObjectVersion:   Dev-AnimPhys (29E575DD-E0A3-4627-9D10-D276232CDCEA): 7
LogInit: Compiled (64-bit): Aug 15 2017 02:05:26
LogInit: Compiled with Visual C++: 19.00.24215.01
LogInit: Build Configuration: Development
LogInit: Branch Name: ++UE4+Release-4.17
LogInit: Command line:  
LogInit: Base directory: C:/Program Files/Epic Games/UE_4.17/Engine/Binaries/Win64/
LogInit: Installed Engine Build: 1
LogInit: Presizing for max 8388607 objects, including 0 objects not considered by GC, pre-allocating 0 bytes for permanent pool.
LogInit: Object subsystem initialized
[2017.12.07-05.23.50:431][  0]LogInit: Selected Device Profile: [Windows]
[2017.12.07-05.23.50:431][  0]LogInit: Applying CVar settings loaded from the selected device profile: [Windows]
[2017.12.07-05.23.50:504][  0]LogInit: Computer: NM2-808-09GAM
[2017.12.07-05.23.50:504][  0]LogInit: User: yshao3
[2017.12.07-05.23.50:504][  0]LogInit: CPU Page size=4096, Cores=4
[2017.12.07-05.23.50:504][  0]LogInit: High frequency timer resolution =3.515624 MHz
[2017.12.07-05.23.50:505][  0]LogMemory: Memory total: Physical=63.9GB (64GB approx)
[2017.12.07-05.23.50:505][  0]LogMemory: Platform Memory Stats for Windows
[2017.12.07-05.23.50:505][  0]LogMemory: Process Physical Memory: 282.48 MB used, 282.48 MB peak
[2017.12.07-05.23.50:505][  0]LogMemory: Process Virtual Memory: 283.63 MB used, 283.63 MB peak
[2017.12.07-05.23.50:505][  0]LogMemory: Physical Memory: 7676.33 MB used,  57759.20 MB free, 65435.53 MB total
[2017.12.07-05.23.50:505][  0]LogMemory: Virtual Memory: 709.88 MB used,  57759.20 MB free, 134217728.00 MB total
[2017.12.07-05.23.50:707][  0]LogInit: Using OS detected language (en-US).
[2017.12.07-05.23.50:707][  0]LogInit: Using OS detected locale (en-US).
[2017.12.07-05.23.50:709][  0]LogTextLocalizationManager: No specific localization for 'en-US' exists, so the 'en' localization will be used.
[2017.12.07-05.23.51:287][  0]LogD3D11RHI: D3D11 adapters:
[2017.12.07-05.23.51:327][  0]LogD3D11RHI:    0. 'NVIDIA GeForce GTX 1080 Ti' (Feature Level 11_0)
[2017.12.07-05.23.51:328][  0]LogD3D11RHI:       11117/0/32717 MB DedicatedVideo/DedicatedSystem/SharedSystem, Outputs:2, VendorId:0x10de
[2017.12.07-05.23.51:335][  0]LogD3D11RHI:    1. 'Intel(R) HD Graphics 630' (Feature Level 11_0)
[2017.12.07-05.23.51:335][  0]LogD3D11RHI:       128/0/32717 MB DedicatedVideo/DedicatedSystem/SharedSystem, Outputs:0, VendorId:0x8086
[2017.12.07-05.23.51:337][  0]LogD3D11RHI:    2. 'Microsoft Basic Render Driver' (Feature Level 11_0)
[2017.12.07-05.23.51:337][  0]LogD3D11RHI:       0/0/32717 MB DedicatedVideo/DedicatedSystem/SharedSystem, Outputs:0, VendorId:0x1414
[2017.12.07-05.23.51:337][  0]LogD3D11RHI: Chosen D3D11 Adapter: 0
[2017.12.07-05.23.51:342][  0]LogD3D11RHI: Creating new Direct3DDevice
[2017.12.07-05.23.51:342][  0]LogD3D11RHI:     GPU DeviceId: 0x1b06 (for the marketing name, search the web for "GPU Device Id")
[2017.12.07-05.23.51:342][  0]LogWindows: EnumDisplayDevices:
[2017.12.07-05.23.51:342][  0]LogWindows:    0. 'NVIDIA GeForce GTX 1080 Ti' (P:1 D:1)
[2017.12.07-05.23.51:342][  0]LogWindows:    1. 'NVIDIA GeForce GTX 1080 Ti' (P:0 D:1)
[2017.12.07-05.23.51:342][  0]LogWindows:    2. 'NVIDIA GeForce GTX 1080 Ti' (P:0 D:0)
[2017.12.07-05.23.51:342][  0]LogWindows:    3. 'NVIDIA GeForce GTX 1080 Ti' (P:0 D:0)
[2017.12.07-05.23.51:343][  0]LogWindows:    4. 'Intel(R) HD Graphics 630' (P:0 D:0)
[2017.12.07-05.23.51:343][  0]LogWindows:    5. 'Intel(R) HD Graphics 630' (P:0 D:0)
[2017.12.07-05.23.51:343][  0]LogWindows:    6. 'Intel(R) HD Graphics 630' (P:0 D:0)
[2017.12.07-05.23.51:343][  0]LogWindows: DebugString: PrimaryIsNotTheChoosenAdapter PrimaryIsNotTheChoosenAdapter PrimaryIsNotTheChoosenAdapter FoundDriverCount:4 
[2017.12.07-05.23.51:343][  0]LogD3D11RHI:     Adapter Name: NVIDIA GeForce GTX 1080 Ti
[2017.12.07-05.23.51:343][  0]LogD3D11RHI:   Driver Version: 385.41 (internal:22.21.13.8541, unified:385.41)
[2017.12.07-05.23.51:343][  0]LogD3D11RHI:      Driver Date: 8-21-2017
[2017.12.07-05.23.51:343][  0]LogRHI: Texture pool is 1361 MB (70% of 1945 MB)
[2017.12.07-05.23.51:364][  0]LogD3D11RHI: Async texture creation enabled
[2017.12.07-05.23.51:374][  0]LogD3D11RHI: GPU Timing Frequency: 1000.000000 (Debug: 2 1)
[2017.12.07-05.23.51:459][  0]LogShaderCompilers: Guid format shader working directory is 18 characters bigger than the processId version (Z:/607TD/TDgame606/TDgame606/Intermediate/Shaders/WorkingDirectory/11952/).
[2017.12.07-05.23.51:459][  0]LogShaderCompilers: Cleaned the shader compiler working directory 'D:/Users/yshao3/AppData/Local/Temp/UnrealShaderWorkingDir/46B8BBF448E63384F9EE7C8F99428400/'.
[2017.12.07-05.23.51:459][  0]LogShaderCompilers: Display: Using Local Shader Compiler.
[2017.12.07-05.23.52:234][  0]LogTemp: Display: Loaded TP AllDesktopTargetPlatform
[2017.12.07-05.23.52:299][  0]LogTemp: Display: Loaded TP MacClientTargetPlatform
[2017.12.07-05.23.52:396][  0]LogTemp: Display: Loaded TP MacNoEditorTargetPlatform
[2017.12.07-05.23.52:475][  0]LogTemp: Display: Loaded TP MacServerTargetPlatform
[2017.12.07-05.23.52:548][  0]LogTemp: Display: Loaded TP MacTargetPlatform
[2017.12.07-05.23.52:617][  0]LogTemp: Display: Loaded TP WindowsClientTargetPlatform
[2017.12.07-05.23.52:686][  0]LogTemp: Display: Loaded TP WindowsNoEditorTargetPlatform
[2017.12.07-05.23.52:765][  0]LogTemp: Display: Loaded TP WindowsServerTargetPlatform
[2017.12.07-05.23.52:835][  0]LogTemp: Display: Loaded TP WindowsTargetPlatform
[2017.12.07-05.23.52:899][  0]LogTemp: Display: Loaded TP AndroidTargetPlatform
[2017.12.07-05.23.52:955][  0]LogTemp: Display: Loaded TP Android_ASTCTargetPlatform
[2017.12.07-05.23.53:012][  0]LogTemp: Display: Loaded TP Android_ATCTargetPlatform
[2017.12.07-05.23.53:070][  0]LogTemp: Display: Loaded TP Android_DXTTargetPlatform
[2017.12.07-05.23.53:133][  0]LogTemp: Display: Loaded TP Android_ETC1TargetPlatform
[2017.12.07-05.23.53:205][  0]LogTemp: Display: Loaded TP Android_ETC2TargetPlatform
[2017.12.07-05.23.53:321][  0]LogTemp: Display: Loaded TP Android_MultiTargetPlatform
[2017.12.07-05.23.53:321][  0]LogTemp: Display: Loaded TP Android_PVRTCTargetPlatform
[2017.12.07-05.23.53:370][  0]LogTemp: Display: Loaded TP HTML5TargetPlatform
[2017.12.07-05.23.53:475][  0]LogTemp: Display: Loaded TP IOSTargetPlatform
[2017.12.07-05.23.53:514][  0]LogTemp: Display: Loaded TP TVOSTargetPlatform
[2017.12.07-05.23.53:573][  0]LogTemp: Display: Loaded TP LinuxClientTargetPlatform
[2017.12.07-05.23.53:639][  0]LogTemp: Display: Loaded TP LinuxNoEditorTargetPlatform
[2017.12.07-05.23.53:697][  0]LogTemp: Display: Loaded TP LinuxServerTargetPlatform
[2017.12.07-05.23.53:756][  0]LogTemp: Display: Loaded TP LinuxTargetPlatform
[2017.12.07-05.23.53:756][  0]LogTargetPlatformManager: Display: Building Assets For Windows
[2017.12.07-05.23.54:356][  0]LogDerivedDataCache: Display: Max Cache Size: 512 MB
[2017.12.07-05.23.54:430][  0]LogDerivedDataCache: Loaded boot cache 0.07s 93MB D:/Users/yshao3/AppData/Local/UnrealEngine/4.17/DerivedDataCache/Boot.ddc.
[2017.12.07-05.23.54:430][  0]LogDerivedDataCache: Display: Loaded Boot cache: D:/Users/yshao3/AppData/Local/UnrealEngine/4.17/DerivedDataCache/Boot.ddc
[2017.12.07-05.23.54:431][  0]LogDerivedDataCache: FDerivedDataBackendGraph:  Pak pak cache file Z:/607TD/TDgame606/TDgame606/DerivedDataCache/DDC.ddp not found, will not use a pak cache.
[2017.12.07-05.23.54:431][  0]LogDerivedDataCache: Unable to find inner node Pak for hierarchical cache Hierarchy.
[2017.12.07-05.23.54:431][  0]LogDerivedDataCache: FDerivedDataBackendGraph:  CompressedPak pak cache file Z:/607TD/TDgame606/TDgame606/DerivedDataCache/Compressed.ddp not found, will not use a pak cache.
[2017.12.07-05.23.54:431][  0]LogDerivedDataCache: Unable to find inner node CompressedPak for hierarchical cache Hierarchy.
[2017.12.07-05.23.54:443][  0]LogDerivedDataCache: Display: Pak cache opened for reading ../../../Engine/DerivedDataCache/Compressed.ddp.
[2017.12.07-05.23.54:455][  0]LogDerivedDataCache: Using Local data cache path D:/Users/yshao3/AppData/Local/UnrealEngine/Common/DerivedDataCache: Writable
[2017.12.07-05.23.54:463][  0]LogMaterial: Verifying Global Shaders for PCD3D_SM5
[2017.12.07-05.23.54:464][  0]LogSlate: Using Freetype 2.6.0
[2017.12.07-05.23.54:464][  0]LogSlate: SlateFontCache - WITH_FREETYPE: 1, WITH_HARFBUZZ: 1
[2017.12.07-05.23.54:464][  0]LogSlate: SlateFontCache - WITH_FREETYPE: 1, WITH_HARFBUZZ: 1
[2017.12.07-05.23.54:667][  0]LogAssetRegistry: FAssetRegistry took 0.0263 seconds to start up
[2017.12.07-05.23.54:869][  0]LogInit: Selected Device Profile: [Windows]
[2017.12.07-05.23.55:032][  0]LogContentStreaming: Texture pool size is 0.00 MB
[2017.12.07-05.23.55:356][  0]LogSimplygon: Simplygon DLL not present - disabling.
[2017.12.07-05.23.55:403][  0]LogMeshReduction: Using SimplygonSwarm for distributed automatic mesh merging
[2017.12.07-05.23.55:403][  0]LogMeshReduction: Using QuadricMeshReduction for automatic static mesh reduction
[2017.12.07-05.23.55:403][  0]LogMeshReduction: No automatic skeletal mesh reduction module available
[2017.12.07-05.23.55:403][  0]LogMeshReduction: No automatic mesh merging module available
[2017.12.07-05.23.55:403][  0]LogMeshMerging: No automatic mesh merging module available
[2017.12.07-05.23.55:719][  0]LogNetVersion: TDgame2 , NetCL: 3573198, EngineNetVer: 2, GameNetVer: 0 (Checksum: 563214788)
[2017.12.07-05.23.56:287][  0]LogPackageLocalizationCache: Processed 5 localized package path(s) for 2 prioritized culture(s) in 0.413378 seconds
[2017.12.07-05.23.56:292][  0]LogUObjectArray: 35825 objects as part of root set at end of initial load.
[2017.12.07-05.23.56:292][  0]LogUObjectAllocator: 7529104 out of 0 bytes used by permanent object pool.
[2017.12.07-05.23.56:292][  0]LogUObjectArray: CloseDisregardForGC: 0/0 objects in disregard for GC pool
[2017.12.07-05.23.56:371][  0]LogInit: WinSock: version 1.1 (2.2), MaxSocks=32767, MaxUdp=65467
[2017.12.07-05.23.58:901][  0]LogTcpMessaging: Initializing TcpMessaging bridge
[2017.12.07-05.23.58:947][  0]LogUdpMessaging: Initializing bridge on interface 0.0.0.0:0 to multicast group 230.0.0.1:6666.
[2017.12.07-05.23.59:683][  0]LogMaterial: Uniform references updated for custom material expression Custom.
[2017.12.07-05.24.00:163][  0]SourceControl: Source control is disabled
[2017.12.07-05.24.00:163][  0]SourceControl: Source control is disabled
[2017.12.07-05.24.00:220][  0]SourceControl: Source control is disabled
[2017.12.07-05.24.00:273][  0]SourceControl: Source control is disabled
[2017.12.07-05.24.00:944][  0]LogAndroidPermission: UAndroidPermissionCallbackProxy::GetInstance
[2017.12.07-05.24.01:224][  0]LogOcInput: OculusInput pre-init called
[2017.12.07-05.24.01:505][  0]LogEngine: Initializing Engine...
[2017.12.07-05.24.01:506][  0]LogHMD: Failed to initialize OpenVR with code 110
[2017.12.07-05.24.01:684][  0]LogStats: UGameplayTagsManager::ConstructGameplayTagTree: Construct from data asset -  0.000 s
[2017.12.07-05.24.01:684][  0]LogStats: UGameplayTagsManager::ConstructGameplayTagTree: GameplayTagTreeChangedEvent.Broadcast -  0.000 s
[2017.12.07-05.24.01:836][  0]LogAIModule: Creating AISystem for world Untitled
[2017.12.07-05.24.01:850][  0]LogInit: XAudio2 using 'DELL U2417H-0 (2- NVIDIA High Definition Audio)' : 2 channels at 48 kHz using 16 bits per sample (channel mask 0x3)
[2017.12.07-05.24.01:867][  0]LogInit: FAudioDevice initialized.
[2017.12.07-05.24.01:994][  0]LogDerivedDataCache: Saved boot cache 0.13s 93MB D:/Users/yshao3/AppData/Local/UnrealEngine/4.17/DerivedDataCache/Boot.ddc.
[2017.12.07-05.24.02:001][  0]LogInit: Texture streaming: Enabled
[2017.12.07-05.24.02:160][  0]LogEngineSessionManager: EngineSessionManager initialized
[2017.12.07-05.24.02:418][  0]LogInit: Transaction tracking system initialized
[2017.12.07-05.24.02:782][  0]BlueprintLog: New page: Editor Load
[2017.12.07-05.24.03:896][  0]LocalizationService: Localization service is disabled
[2017.12.07-05.24.04:709][  0]LogConsoleResponse: Display: 
[2017.12.07-05.24.04:877][  0]LogCook: Display: Max memory allowance for cook 16384mb min free memory 0mb
[2017.12.07-05.24.04:877][  0]LogCook: Display: Mobile HDR setting 1
[2017.12.07-05.24.04:877][  0]LogGameplayTags: Display: UGameplayTagsManager::DoneAddingNativeTags. DelegateIsBound: 0
[2017.12.07-05.24.06:040][  0]LogFileCache: Scanning file cache for directory 'Z:/607TD/TDgame606/TDgame606/Content/' took 0.06s
[2017.12.07-05.24.06:091][  0]SourceControl: Source control is disabled
[2017.12.07-05.24.06:091][  0]Cmd: MAP LOAD FILE="Z:/607TD/TDgame606/TDgame606/Content/TopDownBP/Maps/TopDownExampleMap.umap" TEMPLATE=0 SHOWPROGRESS=1 FEATURELEVEL=3
[2017.12.07-05.24.06:104][  0]LightingResults: New page: Lighting Build
[2017.12.07-05.24.06:152][  0]MapCheck: New page: Map Check
[2017.12.07-05.24.06:152][  0]LightingResults: New page: Lighting Build
[2017.12.07-05.24.07:463][  0]LogAIModule: Creating AISystem for world TopDownExampleMap
[2017.12.07-05.24.07:471][  0]LogEditorServer: Finished looking for orphan Actors (0.000 secs)
[2017.12.07-05.24.07:491][  0]Cmd: MAP CHECKDEP NOCLEARLOG
[2017.12.07-05.24.07:547][  0]MapCheck: Map check complete: 0 Error(s), 0 Warning(s), took 54.948ms to complete.
[2017.12.07-05.24.07:547][  0]LogFileHelpers: Loading map 'TopDownExampleMap' took 1.455
[2017.12.07-05.24.07:696][  0]LogCollectionManager: Loaded 0 collections in 0.004118 seconds
[2017.12.07-05.24.07:835][  0]LogFileCache: Scanning file cache for directory 'Z:/607TD/TDgame606/TDgame606/Saved/Collections/' took 0.01s
[2017.12.07-05.24.07:835][  0]LogFileCache: Scanning file cache for directory 'Z:/607TD/TDgame606/TDgame606/Content/Developers/yshao3/Collections/' took 0.01s
[2017.12.07-05.24.07:836][  0]LogFileCache: Scanning file cache for directory 'Z:/607TD/TDgame606/TDgame606/Content/Collections/' took 0.01s
[2017.12.07-05.24.07:836][  0]LogCollectionManager: Rebuilt the GUID cache for 0 collections in 0.000000 seconds
[2017.12.07-05.24.07:843][  0]LogContentBrowser: Native class hierarchy populated in 0.0076 seconds. Added 2386 classes and 500 folders.
[2017.12.07-05.24.07:920][  0]LogContentBrowser: Native class hierarchy updated for 'WidgetCarousel' in 0.0011 seconds. Added 0 classes and 0 folders.
[2017.12.07-05.24.07:958][  0]LogContentBrowser: Native class hierarchy updated for 'AddContentDialog' in 0.0013 seconds. Added 0 classes and 0 folders.
[2017.12.07-05.24.08:008][  0]LogContentBrowser: Native class hierarchy updated for 'SceneOutliner' in 0.0012 seconds. Added 1 classes and 2 folders.
[2017.12.07-05.24.08:030][  0]LogSlate: Took 0.000163 seconds to synchronously load lazily loaded font '../../../Engine/Content/Slate/Fonts/Roboto-Regular.ttf' (155K)
[2017.12.07-05.24.08:033][  0]LogSlate: Took 0.000344 seconds to synchronously load lazily loaded font '../../../Engine/Content/Slate/Fonts/Roboto-Bold.ttf' (160K)
[2017.12.07-05.24.08:038][  0]LogSlate: Took 0.000174 seconds to synchronously load lazily loaded font '../../../Engine/Content/Editor/Slate/Fonts/FontAwesome.ttf' (139K)
[2017.12.07-05.24.08:144][  0]LogRenderer: Reallocating scene render targets to support 1208x576 Format 10 NumSamples 1 (Frame:1).
[2017.12.07-05.24.08:294][  0]LogContentBrowser: Native class hierarchy updated for 'HierarchicalLODOutliner' in 0.0013 seconds. Added 1 classes and 2 folders.
[2017.12.07-05.24.08:294][  0]LogLoad: (Engine Initialization) Total time: 22.01 seconds
[2017.12.07-05.24.08:294][  0]LogLoad: (Engine Initialization) Total Blueprint compile time: 0.00 seconds
[2017.12.07-05.24.08:294][  0]LogExternalProfiler: Found external profiler: VSPerf
[2017.12.07-05.24.08:294][  0]LogExternalProfiler: Using external profiler: VSPerf
[2017.12.07-05.24.08:647][  0]LogAssetRegistry: Asset discovery search completed in 14.0020 seconds
[2017.12.07-05.24.08:649][  0]LogCollectionManager: Rebuilt the object cache for 0 collections in 0.000000 seconds (found 0 objects)
[2017.12.07-05.24.08:649][  0]LogCollectionManager: Fixed up redirectors for 0 collections in 0.000029 seconds (updated 0 objects)
[2017.12.07-05.24.08:651][  0]LogContentStreaming: Texture pool size now 1000 MB
[2017.12.07-05.24.08:696][  0]LogSlate: Took 0.000236 seconds to synchronously load lazily loaded font '../../../Engine/Content/Slate/Fonts/Roboto-Light.ttf' (159K)
[2017.12.07-05.24.44:870][803]LogTemp: Repeating last play command: Selected Viewport
[2017.12.07-05.24.45:103][803]LogBlueprintUserMessages: Early PlayInEditor Detection: Level '/Game/TopDownBP/Maps/TopDownExampleMap.TopDownExampleMap:PersistentLevel' has LevelScriptBlueprint '/Game/TopDownBP/Maps/TopDownExampleMap.TopDownExampleMap:PersistentLevel.TopDownExampleMap' with GeneratedClass '/Game/TopDownBP/Maps/TopDownExampleMap.TopDownExampleMap_C' with ClassGeneratedBy '/Game/TopDownBP/Maps/TopDownExampleMap.TopDownExampleMap:PersistentLevel.TopDownExampleMap'
[2017.12.07-05.24.45:103][803]LogPlayLevel: PlayLevel: No blueprints needed recompiling
[2017.12.07-05.24.45:103][803]PIE: New page: PIE session: TopDownExampleMap (Dec 6, 2017, 1:24:45 PM)
[2017.12.07-05.24.45:103][803]LogPlayLevel: Creating play world package: /Game/TopDownBP/Maps/UEDPIE_0_TopDownExampleMap
[2017.12.07-05.24.45:119][803]LogPlayLevel: PIE: StaticDuplicateObject took: (0.016481s)
[2017.12.07-05.24.45:120][803]LogAIModule: Creating AISystem for world TopDownExampleMap
[2017.12.07-05.24.45:120][803]LogPlayLevel: PIE: World Init took: (0.000809s)
[2017.12.07-05.24.45:121][803]LogPlayLevel: PIE: Created PIE world by copying editor world from /Game/TopDownBP/Maps/TopDownExampleMap.TopDownExampleMap to /Game/TopDownBP/Maps/UEDPIE_0_TopDownExampleMap.TopDownExampleMap (0.017599s)
[2017.12.07-05.24.45:134][803]LogInit: XAudio2 using 'DELL U2417H-0 (2- NVIDIA High Definition Audio)' : 2 channels at 48 kHz using 16 bits per sample (channel mask 0x3)
[2017.12.07-05.24.45:140][803]LogInit: FAudioDevice initialized.
[2017.12.07-05.24.45:182][803]LogLoad: Game class is 'TopDownGameMode_C'
[2017.12.07-05.24.45:185][803]LogWorld: Bringing World /Game/TopDownBP/Maps/UEDPIE_0_TopDownExampleMap.TopDownExampleMap up for play (max tick rate 0) at 2017.12.06-21.24.45
[2017.12.07-05.24.45:186][803]LogWorld: Bringing up level for play took: 0.002301
[2017.12.07-05.24.45:254][803]LogContentBrowser: Native class hierarchy updated for 'MovieSceneCapture' in 0.0012 seconds. Added 11 classes and 0 folders.
[2017.12.07-05.24.45:254][803]PIE: Play in editor start time for /Game/TopDownBP/Maps/UEDPIE_0_TopDownExampleMap 0.915
[2017.12.07-05.24.45:254][803]LogBlueprintUserMessages: Late PlayInEditor Detection: Level '/Game/TopDownBP/Maps/TopDownExampleMap.TopDownExampleMap:PersistentLevel' has LevelScriptBlueprint '/Game/TopDownBP/Maps/TopDownExampleMap.TopDownExampleMap:PersistentLevel.TopDownExampleMap' with GeneratedClass '/Game/TopDownBP/Maps/TopDownExampleMap.TopDownExampleMap_C' with ClassGeneratedBy '/Game/TopDownBP/Maps/TopDownExampleMap.TopDownExampleMap:PersistentLevel.TopDownExampleMap'
[2017.12.07-05.24.46:161][909]LogBlueprintUserMessages: [Tower_354] Something IN
[2017.12.07-05.24.46:178][911]LogBlueprintUserMessages: [Tower_354] Something IN
[2017.12.07-05.24.48:120][144]LogBlueprintUserMessages: Early EndPlayMap Detection: Level '/Game/TopDownBP/Maps/TopDownExampleMap.TopDownExampleMap:PersistentLevel' has LevelScriptBlueprint '/Game/TopDownBP/Maps/TopDownExampleMap.TopDownExampleMap:PersistentLevel.TopDownExampleMap' with GeneratedClass '/Game/TopDownBP/Maps/TopDownExampleMap.TopDownExampleMap_C' with ClassGeneratedBy '/Game/TopDownBP/Maps/TopDownExampleMap.TopDownExampleMap:PersistentLevel.TopDownExampleMap'
[2017.12.07-05.24.48:154][144]LogBlueprintUserMessages: Late EndPlayMap Detection: Level '/Game/TopDownBP/Maps/TopDownExampleMap.TopDownExampleMap:PersistentLevel' has LevelScriptBlueprint '/Game/TopDownBP/Maps/TopDownExampleMap.TopDownExampleMap:PersistentLevel.TopDownExampleMap' with GeneratedClass '/Game/TopDownBP/Maps/TopDownExampleMap.TopDownExampleMap_C' with ClassGeneratedBy '/Game/TopDownBP/Maps/TopDownExampleMap.TopDownExampleMap:PersistentLevel.TopDownExampleMap'
[2017.12.07-05.44.12:341][806]LogSlate: Took 0.000135 seconds to synchronously load lazily loaded font '../../../Engine/Content/Slate/Fonts/Roboto-Light.ttf' (159K)
[2017.12.07-05.44.12:693][806]LogContentBrowser: Native class hierarchy updated for 'BlueprintGraph' in 0.0016 seconds. Added 113 classes and 0 folders.
[2017.12.07-05.44.13:168][806]LogSlate: Took 0.000119 seconds to synchronously load lazily loaded font '../../../Engine/Content/Slate/Fonts/Roboto-Regular.ttf' (155K)
[2017.12.07-05.44.13:218][806]LogBlueprintUserMessages: [Tower_C_1] Something IN
[2017.12.07-05.44.13:222][806]LogSlate: Took 0.000186 seconds to synchronously load lazily loaded font '../../../Engine/Content/Editor/Slate/Fonts/Roboto-BoldCondensed.ttf' (158K)
[2017.12.07-05.44.13:280][807]LogSlate: Took 0.000384 seconds to synchronously load lazily loaded font '../../../Engine/Content/Editor/Slate/Fonts/Roboto-Italic.ttf' (157K)
[2017.12.07-05.44.47:818][619]BlueprintLog: New page: Compile Tower
[2017.12.07-05.44.53:215][225]BlueprintLog: New page: Compile Tower
[2017.12.07-05.45.09:265][363]LogSlate: Took 0.000172 seconds to synchronously load lazily loaded font '../../../Engine/Content/Slate/Fonts/Roboto-Light.ttf' (159K)
[2017.12.07-05.45.19:536][390]LogSavePackage: Save=636.34ms
[2017.12.07-05.45.19:536][390]LogSavePackage: Moving 'Z:/607TD/TDgame606/TDgame606/Saved/TopDownExampleMap_Auto1E693D65F4319E1F70D94AAAA9659E03F.tmp' to 'Z:/607TD/TDgame606/TDgame606/Saved/Autosaves/Game/TopDownBP/Maps/TopDownExampleMap_Auto1.umap'
[2017.12.07-05.45.19:610][390]LogSavePackage: Display: Finished SavePackage Z:/607TD/TDgame606/TDgame606/Saved/Autosaves/Game/TopDownBP/Maps/TopDownExampleMap_Auto1.umap
[2017.12.07-05.45.19:664][390]LogFileHelpers: Editor autosave (incl. sublevels) for '/Game/TopDownBP/Maps/TopDownExampleMap' took 1.212
[2017.12.07-05.45.19:664][390]LogFileHelpers: Editor autosave (incl. sublevels) for all levels took 1.212
[2017.12.07-05.45.19:702][390]OBJ SavePackage: Generating thumbnails for [1] asset(s) in package [/Game/Pops/Tower] ([1] browsable assets)...
[2017.12.07-05.45.19:715][390]OBJ SavePackage:     Rendered thumbnail for [Blueprint /Game/Pops/Tower.Tower]
[2017.12.07-05.45.19:715][390]OBJ SavePackage: Finished generating thumbnails for package [/Game/Pops/Tower]
[2017.12.07-05.45.19:715][390]Cmd: OBJ SAVEPACKAGE PACKAGE="/Game/Pops/Tower" FILE="Z:/607TD/TDgame606/TDgame606/Saved/Autosaves/Game/Pops/Tower_Auto1.uasset" SILENT=false AUTOSAVING=true
[2017.12.07-05.45.20:031][390]LogSavePackage: Save=212.80ms
[2017.12.07-05.45.20:031][390]LogSavePackage: Moving 'Z:/607TD/TDgame606/TDgame606/Saved/Tower_Auto109F80D1F43655056E975CB82902CED11.tmp' to 'Z:/607TD/TDgame606/TDgame606/Saved/Autosaves/Game/Pops/Tower_Auto1.uasset'
[2017.12.07-05.45.20:092][390]LogSavePackage: Display: Finished SavePackage Z:/607TD/TDgame606/TDgame606/Saved/Autosaves/Game/Pops/Tower_Auto1.uasset
[2017.12.07-05.45.20:092][390]LogFileHelpers: Auto-saving content packages took 0.425
[2017.12.07-06.21.15:910][ 10]Cmd: OBJ SAVEPACKAGE PACKAGE="/Game/Pops/Tower" FILE="Z:/607TD/TDgame606/TDgame606/Content/Pops/Tower.uasset" SILENT=true
[2017.12.07-06.21.16:191][ 10]LogSavePackage: Save=178.72ms
[2017.12.07-06.21.16:191][ 10]LogSavePackage: Moving 'Z:/607TD/TDgame606/TDgame606/Saved/TowerA67980BC419CBC5BBD5B08A9CD1D1BC1.tmp' to 'Z:/607TD/TDgame606/TDgame606/Content/Pops/Tower.uasset'
[2017.12.07-06.21.16:279][ 10]LogSavePackage: Display: Finished SavePackage Z:/607TD/TDgame606/TDgame606/Content/Pops/Tower.uasset
[2017.12.07-06.21.16:382][ 10]Cmd: OBJ SAVEPACKAGE PACKAGE="/Game/TopDownBP/Maps/TopDownExampleMap" FILE="Z:/607TD/TDgame606/TDgame606/Content/TopDownBP/Maps/TopDownExampleMap.umap" SILENT=true AUTOSAVING=false KEEPDIRTY=false
[2017.12.07-06.21.17:252][ 10]LogSavePackage: Save=537.17ms
[2017.12.07-06.21.17:252][ 10]LogSavePackage: Moving 'Z:/607TD/TDgame606/TDgame606/Saved/TopDownExampleMap5E24C2A74581E49F5AE3B3B8F9A9AA90.tmp' to 'Z:/607TD/TDgame606/TDgame606/Content/TopDownBP/Maps/TopDownExampleMap.umap'
[2017.12.07-06.21.17:344][ 10]LogSavePackage: Display: Finished SavePackage Z:/607TD/TDgame606/TDgame606/Content/TopDownBP/Maps/TopDownExampleMap.umap
[2017.12.07-06.21.17:438][ 10]LogFileHelpers: Saving map 'TopDownExampleMap' took 1.154
[2017.12.07-06.21.17:939][ 11]Cmd: QUIT_EDITOR
[2017.12.07-06.21.18:046][ 11]LogWindowsTextInputMethodSystem: Display: IME system now deactivated.
[2017.12.07-06.21.18:046][ 11]LogWindowsTextInputMethodSystem: Display: IME system now deactivated.
[2017.12.07-06.21.18:087][ 11]LogExit: Preparing to exit.
[2017.12.07-06.21.19:421][ 11]LogExit: Editor shut down
[2017.12.07-06.21.19:424][ 11]LogExit: Transaction tracking system shut down
[2017.12.07-06.21.19:799][ 11]LogDirectoryWatcher: A directory notification for '../../../Engine/Content/' was aborted.
[2017.12.07-06.21.19:800][ 11]LogDirectoryWatcher: A directory notification for 'Z:/607TD/TDgame606/TDgame606/Content/' was aborted.
[2017.12.07-06.21.19:800][ 11]LogDirectoryWatcher: A directory notification for '../../../Engine/Plugins/2D/Paper2D/Content/' was aborted.
[2017.12.07-06.21.19:800][ 11]LogDirectoryWatcher: A directory notification for '../../../Engine/Plugins/Runtime/Oculus/OculusVR/Content/' was aborted.
[2017.12.07-06.21.19:800][ 11]LogDirectoryWatcher: A directory notification for '../../../Engine/Plugins/Runtime/Steam/SteamVR/Content/' was aborted.
[2017.12.07-06.21.19:856][ 11]LogExit: Object subsystem successfully closed.
[2017.12.07-06.21.19:871][ 11]LogD3D11RHI: Shutdown
[2017.12.07-06.21.19:871][ 11]LogD3D11RHI: CleanupD3DDevice
[2017.12.07-06.21.19:936][ 11]LogD3D11RHI: ~FD3D11DynamicRHI
[2017.12.07-06.21.19:948][ 11]LogModuleManager: Shutting down and abandoning module BlueprintGraph (536)
[2017.12.07-06.21.19:948][ 11]LogModuleManager: Shutting down and abandoning module BlueprintProfiler (534)
[2017.12.07-06.21.19:948][ 11]LogModuleManager: Shutting down and abandoning module MovieSceneCapture (532)
[2017.12.07-06.21.19:948][ 11]LogModuleManager: Shutting down and abandoning module HierarchicalLODOutliner (530)
[2017.12.07-06.21.19:948][ 11]LogModuleManager: Shutting down and abandoning module SceneOutliner (528)
[2017.12.07-06.21.19:948][ 11]LogModuleManager: Shutting down and abandoning module AddContentDialog (526)
[2017.12.07-06.21.19:948][ 11]LogDirectoryWatcher: A directory notification for 'C:/Program Files/Epic Games/UE_4.17/FeaturePacks/' was aborted.
[2017.12.07-06.21.19:948][ 11]LogModuleManager: Shutting down and abandoning module WidgetCarousel (525)
[2017.12.07-06.21.19:948][ 11]LogModuleManager: Shutting down and abandoning module EditorWidgets (522)
[2017.12.07-06.21.19:948][ 11]LogModuleManager: Shutting down and abandoning module CollectionManager (520)
[2017.12.07-06.21.19:949][ 11]LogDirectoryWatcher: A directory notification for 'Z:/607TD/TDgame606/TDgame606/Content/Collections/' was aborted.
[2017.12.07-06.21.19:950][ 11]LogDirectoryWatcher: A directory notification for 'Z:/607TD/TDgame606/TDgame606/Content/Developers/yshao3/Collections/' was aborted.
[2017.12.07-06.21.19:950][ 11]LogDirectoryWatcher: A directory notification for 'Z:/607TD/TDgame606/TDgame606/Saved/Collections/' was aborted.
[2017.12.07-06.21.19:951][ 11]LogModuleManager: Shutting down and abandoning module StatsViewer (518)
[2017.12.07-06.21.19:951][ 11]LogModuleManager: Shutting down and abandoning module FoliageEdit (516)
[2017.12.07-06.21.19:951][ 11]LogModuleManager: Shutting down and abandoning module LandscapeEditor (514)
[2017.12.07-06.21.19:951][ 11]LogModuleManager: Shutting down and abandoning module MeshPaintMode (512)
[2017.12.07-06.21.19:951][ 11]LogModuleManager: Shutting down and abandoning module SceneDepthPickerMode (510)
[2017.12.07-06.21.19:951][ 11]LogModuleManager: Shutting down and abandoning module ActorPickerMode (508)
[2017.12.07-06.21.19:951][ 11]LogModuleManager: Shutting down and abandoning module GeometryMode (506)
[2017.12.07-06.21.19:951][ 11]LogModuleManager: Shutting down and abandoning module TextureAlignMode (504)
[2017.12.07-06.21.19:951][ 11]LogModuleManager: Shutting down and abandoning module BspMode (502)
[2017.12.07-06.21.19:951][ 11]LogModuleManager: Shutting down and abandoning module PIEPreviewDeviceProfileSelector (500)
[2017.12.07-06.21.19:951][ 11]LogModuleManager: Shutting down and abandoning module HardwareSurvey (498)
[2017.12.07-06.21.19:951][ 11]LogModuleManager: Shutting down and abandoning module SequenceRecorderSections (496)
[2017.12.07-06.21.19:951][ 11]LogModuleManager: Shutting down and abandoning module AutomationWorker (494)
[2017.12.07-06.21.19:951][ 11]LogModuleManager: Shutting down and abandoning module MatineeToLevelSequence (492)
[2017.12.07-06.21.19:951][ 11]LogModuleManager: Shutting down and abandoning module LevelSequenceEditor (490)
[2017.12.07-06.21.19:951][ 11]LogModuleManager: Shutting down and abandoning module PlacementMode (489)
[2017.12.07-06.21.19:951][ 11]LogModuleManager: Shutting down and abandoning module WmfMediaFactory (486)
[2017.12.07-06.21.19:951][ 11]LogModuleManager: Shutting down and abandoning module WmfMediaEditor (484)
[2017.12.07-06.21.19:951][ 11]LogModuleManager: Shutting down and abandoning module AvfMediaFactory (482)
[2017.12.07-06.21.19:951][ 11]LogModuleManager: Shutting down and abandoning module AvfMediaEditor (480)
[2017.12.07-06.21.19:951][ 11]LogModuleManager: Shutting down and abandoning module AndroidMediaFactory (478)
[2017.12.07-06.21.19:951][ 11]LogModuleManager: Shutting down and abandoning module Media (477)
[2017.12.07-06.21.19:951][ 11]LogModuleManager: Shutting down and abandoning module AndroidMediaEditor (474)
[2017.12.07-06.21.19:951][ 11]LogModuleManager: Shutting down and abandoning module CharacterAI (472)
[2017.12.07-06.21.19:951][ 11]LogModuleManager: Shutting down and abandoning module AudioCapture (470)
[2017.12.07-06.21.19:951][ 11]LogModuleManager: Shutting down and abandoning module SequenceRecorder (469)
[2017.12.07-06.21.19:951][ 11]LogModuleManager: Shutting down and abandoning module SmartSnapping (466)
[2017.12.07-06.21.19:951][ 11]LogModuleManager: Shutting down and abandoning module SessionServices (464)
[2017.12.07-06.21.19:951][ 11]LogModuleManager: Shutting down and abandoning module ViewportSnapping (462)
[2017.12.07-06.21.19:951][ 11]LogModuleManager: Shutting down and abandoning module ViewportInteraction (460)
[2017.12.07-06.21.19:951][ 11]LogModuleManager: Shutting down and abandoning module ClothPainter (458)
[2017.12.07-06.21.19:951][ 11]LogModuleManager: Shutting down and abandoning module LogVisualizer (456)
[2017.12.07-06.21.19:951][ 11]LogModuleManager: Shutting down and abandoning module IntroTutorials (454)
[2017.12.07-06.21.19:951][ 11]LogModuleManager: Shutting down and abandoning module GameProjectGeneration (453)
[2017.12.07-06.21.19:951][ 11]LogModuleManager: Shutting down and abandoning module IOSPlatformEditor (450)
[2017.12.07-06.21.19:951][ 11]LogModuleManager: Shutting down and abandoning module HTML5PlatformEditor (448)
[2017.12.07-06.21.19:951][ 11]LogModuleManager: Shutting down and abandoning module AndroidPlatformEditor (446)
[2017.12.07-06.21.19:951][ 11]LogModuleManager: Shutting down and abandoning module AndroidDeviceDetection (445)
[2017.12.07-06.21.20:730][ 11]LogModuleManager: Shutting down and abandoning module WindowsPlatformEditor (442)
[2017.12.07-06.21.20:730][ 11]LogModuleManager: Shutting down and abandoning module IOSRuntimeSettings (440)
[2017.12.07-06.21.20:731][ 11]LogModuleManager: Shutting down and abandoning module AndroidRuntimeSettings (438)
[2017.12.07-06.21.20:731][ 11]LogModuleManager: Shutting down and abandoning module InputBindingEditor (436)
[2017.12.07-06.21.20:731][ 11]LogModuleManager: Shutting down and abandoning module MergeActors (434)
[2017.12.07-06.21.20:731][ 11]LogModuleManager: Shutting down and abandoning module SizeMap (432)
[2017.12.07-06.21.20:731][ 11]LogModuleManager: Shutting down and abandoning module TreeMap (430)
[2017.12.07-06.21.20:731][ 11]LogModuleManager: Shutting down and abandoning module ReferenceViewer (428)
[2017.12.07-06.21.20:731][ 11]LogModuleManager: Shutting down and abandoning module LocalizationDashboard (426)
[2017.12.07-06.21.20:731][ 11]LogModuleManager: Shutting down and abandoning module LocalizationService (425)
[2017.12.07-06.21.20:731][ 11]LogModuleManager: Shutting down and abandoning module HardwareTargeting (422)
[2017.12.07-06.21.20:731][ 11]LogModuleManager: Shutting down and abandoning module DeviceProfileEditor (420)
[2017.12.07-06.21.20:731][ 11]LogModuleManager: Shutting down and abandoning module UndoHistory (418)
[2017.12.07-06.21.20:731][ 11]LogModuleManager: Shutting down and abandoning module XmlParser (416)
[2017.12.07-06.21.20:731][ 11]LogModuleManager: Shutting down and abandoning module Blutility (414)
[2017.12.07-06.21.20:731][ 11]LogModuleManager: Shutting down and abandoning module ProjectSettingsViewer (412)
[2017.12.07-06.21.20:731][ 11]LogModuleManager: Shutting down and abandoning module ProjectTargetPlatformEditor (411)
[2017.12.07-06.21.20:731][ 11]LogModuleManager: Shutting down and abandoning module EditorSettingsViewer (408)
[2017.12.07-06.21.20:731][ 11]LogModuleManager: Shutting down and abandoning module SettingsEditor (406)
[2017.12.07-06.21.20:731][ 11]LogModuleManager: Shutting down and abandoning module ProjectLauncher (404)
[2017.12.07-06.21.20:731][ 11]LogModuleManager: Shutting down and abandoning module SessionFrontend (402)
[2017.12.07-06.21.20:731][ 11]LogModuleManager: Shutting down and abandoning module ProfilerClient (400)
[2017.12.07-06.21.20:731][ 11]LogModuleManager: Shutting down and abandoning module DeviceManager (398)
[2017.12.07-06.21.20:731][ 11]LogModuleManager: Shutting down and abandoning module TargetDeviceServices (397)
[2017.12.07-06.21.20:795][ 11]LogModuleManager: Shutting down and abandoning module AutomationController (394)
[2017.12.07-06.21.20:795][ 11]LogModuleManager: Shutting down and abandoning module AutomationWindow (392)
[2017.12.07-06.21.20:795][ 11]LogModuleManager: Shutting down and abandoning module Layers (390)
[2017.12.07-06.21.20:795][ 11]LogModuleManager: Shutting down and abandoning module ComponentVisualizers (388)
[2017.12.07-06.21.20:795][ 11]LogModuleManager: Shutting down and abandoning module DetailCustomizations (386)
[2017.12.07-06.21.20:795][ 11]LogModuleManager: Shutting down and abandoning module PackagesDialog (384)
[2017.12.07-06.21.20:795][ 11]LogModuleManager: Shutting down and abandoning module Persona (382)
[2017.12.07-06.21.20:795][ 11]LogModuleManager: Shutting down and abandoning module AdvancedPreviewScene (381)
[2017.12.07-06.21.20:795][ 11]LogModuleManager: Shutting down and abandoning module AnimGraph (379)
[2017.12.07-06.21.20:795][ 11]LogModuleManager: Shutting down and abandoning module Kismet (376)
[2017.12.07-06.21.20:800][ 11]LogModuleManager: Shutting down and abandoning module ClassViewer (374)
[2017.12.07-06.21.20:800][ 11]LogModuleManager: Shutting down and abandoning module Toolbox (372)
[2017.12.07-06.21.20:800][ 11]LogModuleManager: Shutting down and abandoning module ModuleUI (370)
[2017.12.07-06.21.20:800][ 11]LogModuleManager: Shutting down and abandoning module MovieSceneTools (368)
[2017.12.07-06.21.20:800][ 11]LogModuleManager: Shutting down and abandoning module OutputLog (366)
[2017.12.07-06.21.20:800][ 11]LogModuleManager: Shutting down and abandoning module GammaUI (364)
[2017.12.07-06.21.20:800][ 11]LogModuleManager: Shutting down and abandoning module Documentation (362)
[2017.12.07-06.21.20:800][ 11]LogModuleManager: Shutting down and abandoning module MovieSceneTracks (360)
[2017.12.07-06.21.20:800][ 11]LogModuleManager: Shutting down and abandoning module MovieScene (358)
[2017.12.07-06.21.20:800][ 11]LogModuleManager: Shutting down and abandoning module Niagara (356)
[2017.12.07-06.21.20:800][ 11]LogModuleManager: Shutting down and abandoning module NiagaraEditor (355)
[2017.12.07-06.21.20:800][ 11]LogModuleManager: Shutting down and abandoning module StreamingPauseRendering (352)
[2017.12.07-06.21.20:800][ 11]LogModuleManager: Shutting down and abandoning module LauncherPlatform (350)
[2017.12.07-06.21.20:800][ 11]LogModuleManager: Shutting down and abandoning module AnalyticsET (348)
[2017.12.07-06.21.20:800][ 11]LogModuleManager: Shutting down and abandoning module PortalServices (346)
[2017.12.07-06.21.20:800][ 11]LogModuleManager: Shutting down and abandoning module PortalRpc (344)
[2017.12.07-06.21.20:800][ 11]LogModuleManager: Shutting down and abandoning module MessagingRpc (342)
[2017.12.07-06.21.20:800][ 11]LogModuleManager: Shutting down and abandoning module AIModule (340)
[2017.12.07-06.21.20:801][ 11]LogModuleManager: Shutting down and abandoning module GameplayDebugger (339)
[2017.12.07-06.21.20:801][ 11]LogModuleManager: Shutting down and abandoning module AITestSuite (337)
[2017.12.07-06.21.20:801][ 11]LogModuleManager: Shutting down and abandoning module ProfilerService (334)
[2017.12.07-06.21.21:035][ 11]LogModuleManager: Shutting down and abandoning module TaskGraph (332)
[2017.12.07-06.21.21:035][ 11]LogModuleManager: Shutting down and abandoning module SteamVRController (330)
[2017.12.07-06.21.21:035][ 11]LogModuleManager: Shutting down and abandoning module ProceduralMeshComponentEditor (328)
[2017.12.07-06.21.21:035][ 11]LogModuleManager: Shutting down and abandoning module ProceduralMeshComponent (326)
[2017.12.07-06.21.21:035][ 11]LogModuleManager: Shutting down and abandoning module OculusInput (324)
[2017.12.07-06.21.21:035][ 11]LogModuleManager: Shutting down and abandoning module MobilePatchingUtils (322)
[2017.12.07-06.21.21:035][ 11]LogModuleManager: Shutting down and abandoning module CustomMeshComponent (320)
[2017.12.07-06.21.21:035][ 11]LogModuleManager: Shutting down and abandoning module CableComponent (318)
[2017.12.07-06.21.21:035][ 11]LogModuleManager: Shutting down and abandoning module ArchVisCharacter (316)
[2017.12.07-06.21.21:035][ 11]LogModuleManager: Shutting down and abandoning module AndroidPermission (314)
[2017.12.07-06.21.21:035][ 11]LogModuleManager: Shutting down and abandoning module MediaPlayerEditor (310)
[2017.12.07-06.21.21:035][ 11]LogModuleManager: Shutting down and abandoning module HTML5Networking (308)
[2017.12.07-06.21.21:035][ 11]LogModuleManager: Shutting down and abandoning module AlembicImporter (306)
[2017.12.07-06.21.21:035][ 11]LogModuleManager: Shutting down and abandoning module AlembicLibrary (305)
[2017.12.07-06.21.21:035][ 11]LogModuleManager: Shutting down and abandoning module GeometryCache (304)
[2017.12.07-06.21.21:035][ 11]LogModuleManager: Shutting down and abandoning module GeometryCacheEd (303)
[2017.12.07-06.21.21:035][ 11]LogModuleManager: Shutting down and abandoning module SpeedTreeImporter (298)
[2017.12.07-06.21.21:035][ 11]LogModuleManager: Shutting down and abandoning module PluginBrowser (296)
[2017.12.07-06.21.21:035][ 11]LogModuleManager: Shutting down and abandoning module MobileLauncherProfileWizard (294)
[2017.12.07-06.21.21:035][ 11]LogModuleManager: Shutting down and abandoning module VisualStudioSourceCodeAccess (292)
[2017.12.07-06.21.21:035][ 11]LogModuleManager: Shutting down and abandoning module DesktopPlatform (291)
[2017.12.07-06.21.21:035][ 11]LogModuleManager: Shutting down and abandoning module UObjectPlugin (288)
[2017.12.07-06.21.21:035][ 11]LogModuleManager: Shutting down and abandoning module SubversionSourceControl (286)
[2017.12.07-06.21.21:035][ 11]LogModuleManager: Shutting down and abandoning module PerforceSourceControl (284)
[2017.12.07-06.21.21:035][ 11]LogModuleManager: Shutting down and abandoning module GitSourceControl (282)
[2017.12.07-06.21.21:036][ 11]LogModuleManager: Shutting down and abandoning module SourceControl (281)
[2017.12.07-06.21.21:036][ 11]LogModuleManager: Shutting down and abandoning module LightPropagationVolumeEditor (278)
[2017.12.07-06.21.21:036][ 11]LogModuleManager: Shutting down and abandoning module PaperTiledImporter (276)
[2017.12.07-06.21.21:036][ 11]LogModuleManager: Shutting down and abandoning module PaperSpriteSheetImporter (274)
[2017.12.07-06.21.21:036][ 11]LogModuleManager: Shutting down and abandoning module Paper2DEditor (272)
[2017.12.07-06.21.21:036][ 11]LogModuleManager: Shutting down and abandoning module MeshPaint (271)
[2017.12.07-06.21.21:036][ 11]LogModuleManager: Shutting down and abandoning module LevelEditor (269)
[2017.12.07-06.21.21:036][ 11]LogModuleManager: Shutting down and abandoning module PixelInspectorModule (268)
[2017.12.07-06.21.21:036][ 11]LogModuleManager: Shutting down and abandoning module MainFrame (266)
[2017.12.07-06.21.21:036][ 11]LogModuleManager: Shutting down and abandoning module HotReload (265)
[2017.12.07-06.21.21:037][ 11]LogModuleManager: Shutting down and abandoning module RuntimePhysXCooking (260)
[2017.12.07-06.21.21:037][ 11]LogModuleManager: Shutting down and abandoning module PhysXVehiclesEditor (258)
[2017.12.07-06.21.21:037][ 11]LogModuleManager: Shutting down and abandoning module PhysXVehicles (256)
[2017.12.07-06.21.21:037][ 11]LogModuleManager: Shutting down and abandoning module OculusEditor (254)
[2017.12.07-06.21.21:037][ 11]LogModuleManager: Shutting down and abandoning module LocationServicesBPLibrary (252)
[2017.12.07-06.21.21:037][ 11]LogModuleManager: Shutting down and abandoning module ImmediatePhysicsEditor (250)
[2017.12.07-06.21.21:037][ 11]LogModuleManager: Shutting down and abandoning module ImmediatePhysics (248)
[2017.12.07-06.21.21:037][ 11]LogModuleManager: Shutting down and abandoning module UdpMessaging (246)
[2017.12.07-06.21.21:137][ 11]LogModuleManager: Shutting down and abandoning module TcpMessaging (244)
[2017.12.07-06.21.21:238][ 11]LogModuleManager: Shutting down and abandoning module GameplayTagsEditor (242)
[2017.12.07-06.21.21:238][ 11]LogModuleManager: Shutting down and abandoning module FacialAnimationEditor (240)
[2017.12.07-06.21.21:238][ 11]LogModuleManager: Shutting down and abandoning module FacialAnimation (238)
[2017.12.07-06.21.21:238][ 11]LogModuleManager: Shutting down and abandoning module AssetManagerEditor (236)
[2017.12.07-06.21.21:238][ 11]LogModuleManager: Shutting down and abandoning module GraphEditor (235)
[2017.12.07-06.21.21:238][ 11]LogModuleManager: Shutting down and abandoning module ContentBrowser (233)
[2017.12.07-06.21.21:238][ 11]LogModuleManager: Shutting down and abandoning module LightPropagationVolumeRuntime (230)
[2017.12.07-06.21.21:238][ 11]LogModuleManager: Shutting down and abandoning module Paper2D (228)
[2017.12.07-06.21.21:238][ 11]LogModuleManager: Shutting down and abandoning module WindowsMoviePlayer (226)
[2017.12.07-06.21.21:238][ 11]LogModuleManager: Shutting down and abandoning module WmfMedia (224)
[2017.12.07-06.21.21:238][ 11]LogModuleManager: Shutting down and abandoning module PacketHandler (222)
[2017.12.07-06.21.21:238][ 11]LogModuleManager: Shutting down and abandoning module ClothingSystemEditor (220)
[2017.12.07-06.21.21:238][ 11]LogModuleManager: Shutting down and abandoning module ClothingSystemRuntime (218)
[2017.12.07-06.21.21:238][ 11]LogModuleManager: Shutting down and abandoning module Overlay (216)
[2017.12.07-06.21.21:238][ 11]LogModuleManager: Shutting down and abandoning module OverlayEditor (215)
[2017.12.07-06.21.21:238][ 11]LogModuleManager: Shutting down and abandoning module MediaAssets (212)
[2017.12.07-06.21.21:238][ 11]LogModuleManager: Shutting down and abandoning module VREditor (210)
[2017.12.07-06.21.21:238][ 11]LogModuleManager: Shutting down and abandoning module StringTableEditor (208)
[2017.12.07-06.21.21:238][ 11]LogModuleManager: Shutting down and abandoning module GameplayTasksEditor (206)
[2017.12.07-06.21.21:238][ 11]LogModuleManager: Shutting down and abandoning module BehaviorTreeEditor (204)
[2017.12.07-06.21.21:238][ 11]LogModuleManager: Shutting down and abandoning module FunctionalTesting (202)
[2017.12.07-06.21.21:238][ 11]LogModuleManager: Shutting down and abandoning module CollisionAnalyzer (200)
[2017.12.07-06.21.21:238][ 11]LogModuleManager: Shutting down and abandoning module WorkspaceMenuStructure (199)
[2017.12.07-06.21.21:238][ 11]LogModuleManager: Shutting down and abandoning module UMG (196)
[2017.12.07-06.21.21:238][ 11]LogModuleManager: Shutting down and abandoning module UMGEditor (195)
[2017.12.07-06.21.21:238][ 11]LogModuleManager: Shutting down and abandoning module Sequencer (194)
[2017.12.07-06.21.21:238][ 11]LogModuleManager: Shutting down and abandoning module MessageLog (191)
[2017.12.07-06.21.21:238][ 11]LogModuleManager: Shutting down and abandoning module SlateReflector (186)
[2017.12.07-06.21.21:238][ 11]LogModuleManager: Shutting down and abandoning module Slate (184)
[2017.12.07-06.21.21:238][ 11]LogModuleManager: Shutting down and abandoning module EditorStyle (182)
[2017.12.07-06.21.21:240][ 11]LogModuleManager: Shutting down and abandoning module MRMesh (180)
[2017.12.07-06.21.21:240][ 11]LogModuleManager: Shutting down and abandoning module SourceCodeAccess (178)
[2017.12.07-06.21.21:240][ 11]LogModuleManager: Shutting down and abandoning module HeadMountedDisplay (176)
[2017.12.07-06.21.21:240][ 11]LogModuleManager: Shutting down and abandoning module XAudio2 (174)
[2017.12.07-06.21.21:240][ 11]LogModuleManager: Shutting down and abandoning module Networking (172)
[2017.12.07-06.21.21:240][ 11]LogModuleManager: Shutting down and abandoning module Core (168)
[2017.12.07-06.21.21:240][ 11]LogModuleManager: Shutting down and abandoning module KismetCompiler (164)
[2017.12.07-06.21.21:240][ 11]LogModuleManager: Shutting down and abandoning module LevelSequence (162)
[2017.12.07-06.21.21:240][ 11]LogModuleManager: Shutting down and abandoning module MeshUtilities (160)
[2017.12.07-06.21.21:240][ 11]LogModuleManager: Shutting down and abandoning module MeshMergeUtilities (159)
[2017.12.07-06.21.21:240][ 11]LogModuleManager: Shutting down and abandoning module MeshReductionInterface (158)
[2017.12.07-06.21.21:240][ 11]LogModuleManager: Shutting down and abandoning module SimplygonSwarm (157)
[2017.12.07-06.21.21:240][ 11]LogModuleManager: Shutting down and abandoning module SimplygonMeshReduction (155)
[2017.12.07-06.21.21:240][ 11]LogModuleManager: Shutting down and abandoning module QuadricMeshReduction (153)
[2017.12.07-06.21.21:240][ 11]LogModuleManager: Shutting down and abandoning module MaterialBaking (149)
[2017.12.07-06.21.21:240][ 11]LogModuleManager: Shutting down and abandoning module DirectoryWatcher (146)
[2017.12.07-06.21.21:240][ 11]LogModuleManager: Shutting down and abandoning module DerivedDataCache (144)
[2017.12.07-06.21.21:298][ 11]LogDerivedDataCache: Shutdown
[2017.12.07-06.21.21:298][ 11]LogModuleManager: Shutting down and abandoning module TargetPlatform (142)
[2017.12.07-06.21.21:298][ 11]LogModuleManager: Shutting down and abandoning module VulkanShaderFormat (141)
[2017.12.07-06.21.21:298][ 11]LogModuleManager: Shutting down and abandoning module ShaderFormatVectorVM (139)
[2017.12.07-06.21.21:298][ 11]LogModuleManager: Shutting down and abandoning module ShaderFormatOpenGL (137)
[2017.12.07-06.21.21:298][ 11]LogModuleManager: Shutting down and abandoning module ShaderFormatD3D (135)
[2017.12.07-06.21.21:298][ 11]LogModuleManager: Shutting down and abandoning module MetalShaderFormat (133)
[2017.12.07-06.21.21:298][ 11]LogModuleManager: Shutting down and abandoning module TextureFormatUncompressed (131)
[2017.12.07-06.21.21:298][ 11]LogModuleManager: Shutting down and abandoning module TextureFormatPVR (129)
[2017.12.07-06.21.21:298][ 11]LogModuleManager: Shutting down and abandoning module TextureFormatDXT (127)
[2017.12.07-06.21.21:298][ 11]LogModuleManager: Shutting down and abandoning module TextureFormatIntelISPCTexComp (125)
[2017.12.07-06.21.21:299][ 11]LogModuleManager: Shutting down and abandoning module TextureFormatASTC (123)
[2017.12.07-06.21.21:299][ 11]LogModuleManager: Shutting down and abandoning module ImageWrapper (122)
[2017.12.07-06.21.21:299][ 11]LogModuleManager: Shutting down and abandoning module TextureFormatAndroid (119)
[2017.12.07-06.21.21:299][ 11]LogModuleManager: Shutting down and abandoning module AudioFormatOpus (117)
[2017.12.07-06.21.21:299][ 11]LogModuleManager: Shutting down and abandoning module AudioFormatOgg (115)
[2017.12.07-06.21.21:299][ 11]LogModuleManager: Shutting down and abandoning module AudioFormatADPCM (113)
[2017.12.07-06.21.21:299][ 11]LogModuleManager: Shutting down and abandoning module LinuxTargetPlatform (111)
[2017.12.07-06.21.21:299][ 11]LogModuleManager: Shutting down and abandoning module LinuxServerTargetPlatform (109)
[2017.12.07-06.21.21:299][ 11]LogModuleManager: Shutting down and abandoning module LinuxNoEditorTargetPlatform (107)
[2017.12.07-06.21.21:299][ 11]LogModuleManager: Shutting down and abandoning module LinuxClientTargetPlatform (105)
[2017.12.07-06.21.21:299][ 11]LogModuleManager: Shutting down and abandoning module TVOSTargetPlatform (103)
[2017.12.07-06.21.21:299][ 11]LogModuleManager: Shutting down and abandoning module Messaging (101)
[2017.12.07-06.21.21:299][ 11]LogModuleManager: Shutting down and abandoning module IOSTargetPlatform (99)
[2017.12.07-06.21.21:299][ 11]LogModuleManager: Shutting down and abandoning module HTML5TargetPlatform (97)
[2017.12.07-06.21.21:299][ 11]LogModuleManager: Shutting down and abandoning module Android_PVRTCTargetPlatform (95)
[2017.12.07-06.21.21:299][ 11]LogModuleManager: Shutting down and abandoning module Android_MultiTargetPlatform (93)
[2017.12.07-06.21.21:299][ 11]LogModuleManager: Shutting down and abandoning module Android_ETC2TargetPlatform (91)
[2017.12.07-06.21.21:299][ 11]LogModuleManager: Shutting down and abandoning module Android_ETC1TargetPlatform (89)
[2017.12.07-06.21.21:299][ 11]LogModuleManager: Shutting down and abandoning module Android_DXTTargetPlatform (87)
[2017.12.07-06.21.21:299][ 11]LogModuleManager: Shutting down and abandoning module Android_ATCTargetPlatform (85)
[2017.12.07-06.21.21:299][ 11]LogModuleManager: Shutting down and abandoning module Android_ASTCTargetPlatform (83)
[2017.12.07-06.21.21:299][ 11]LogModuleManager: Shutting down and abandoning module AndroidTargetPlatform (81)
[2017.12.07-06.21.21:299][ 11]LogModuleManager: Shutting down and abandoning module WindowsTargetPlatform (79)
[2017.12.07-06.21.21:299][ 11]LogModuleManager: Shutting down and abandoning module WindowsServerTargetPlatform (77)
[2017.12.07-06.21.21:299][ 11]LogModuleManager: Shutting down and abandoning module WindowsNoEditorTargetPlatform (75)
[2017.12.07-06.21.21:299][ 11]LogModuleManager: Shutting down and abandoning module WindowsClientTargetPlatform (73)
[2017.12.07-06.21.21:299][ 11]LogModuleManager: Shutting down and abandoning module MacTargetPlatform (71)
[2017.12.07-06.21.21:299][ 11]LogModuleManager: Shutting down and abandoning module MacServerTargetPlatform (69)
[2017.12.07-06.21.21:299][ 11]LogModuleManager: Shutting down and abandoning module MacNoEditorTargetPlatform (67)
[2017.12.07-06.21.21:299][ 11]LogModuleManager: Shutting down and abandoning module MacClientTargetPlatform (65)
[2017.12.07-06.21.21:299][ 11]LogModuleManager: Shutting down and abandoning module AllDesktopTargetPlatform (63)
[2017.12.07-06.21.21:299][ 11]LogModuleManager: Shutting down and abandoning module InputCore (60)
[2017.12.07-06.21.21:299][ 11]LogModuleManager: Shutting down and abandoning module Settings (58)
[2017.12.07-06.21.21:299][ 11]LogModuleManager: Shutting down and abandoning module PhysXCooking (56)
[2017.12.07-06.21.21:299][ 11]LogModuleManager: Shutting down and abandoning module SteamVR (54)
[2017.12.07-06.21.21:299][ 11]LogModuleManager: Shutting down and abandoning module OculusHMD (52)
[2017.12.07-06.21.21:299][ 11]LogModuleManager: Shutting down and abandoning module ExampleDeviceProfileSelector (50)
[2017.12.07-06.21.21:299][ 11]LogModuleManager: Shutting down and abandoning module OnlineBlueprintSupport (48)
[2017.12.07-06.21.21:299][ 11]LogModuleManager: Shutting down and abandoning module OnlineSubsystem (44)
[2017.12.07-06.21.21:299][ 11]LogOnline: Display: Unloading online subsystem: NULL
[2017.12.07-06.21.21:299][ 11]LogModuleManager: Shutting down and abandoning module XMPP (43)
[2017.12.07-06.21.21:299][ 11]LogModuleManager: Shutting down and abandoning module HTTP (41)
[2017.12.07-06.21.21:299][ 11]LogHttp: Display: Http module shutting down, but needs to wait on 1 outstanding Http requests:
[2017.12.07-06.21.21:299][ 11]LogHttp: Display: 	verb=[POST] url=[https://datarouter.ol.epicgames.com/datarouter/api/v1/public/data?SessionID=%7B1D67479C-455E-1982-B5BA-19B90407C2C8%7D&AppID=UEEditor.Rocket.Release&AppVersion=4.17.1-3586342%2B%2B%2BUE4%2BRelease-4.17&UserID=ef9688584446c6b625bb5b83f47e03ce%7C158a3d21c9d844f4b0667e10c2dbcdd5%7C42d31238-5f16-483b-8edf-730e368c8493&AppEnvironment=datacollector-binary&UploadType=eteventstream] status=Processing
[2017.12.07-06.21.21:327][ 11]LogModuleManager: Shutting down and abandoning module SSL (40)
[2017.12.07-06.21.21:328][ 11]LogModuleManager: Shutting down and abandoning module AnimationModifiers (36)
[2017.12.07-06.21.21:328][ 11]LogModuleManager: Shutting down and abandoning module PropertyEditor (35)
[2017.12.07-06.21.21:328][ 11]LogModuleManager: Shutting down and abandoning module AudioEditor (32)
[2017.12.07-06.21.21:328][ 11]LogModuleManager: Shutting down and abandoning module TextureCompressor (30)
[2017.12.07-06.21.21:329][ 11]LogModuleManager: Shutting down and abandoning module ShaderCore (28)
[2017.12.07-06.21.21:329][ 11]LogModuleManager: Shutting down and abandoning module Landscape (26)
[2017.12.07-06.21.21:329][ 11]LogModuleManager: Shutting down and abandoning module SlateRHIRenderer (24)
[2017.12.07-06.21.21:330][ 11]LogModuleManager: Shutting down and abandoning module OpenGLDrv (22)
[2017.12.07-06.21.21:330][ 11]LogModuleManager: Shutting down and abandoning module D3D11RHI (20)
[2017.12.07-06.21.21:330][ 11]LogModuleManager: Shutting down and abandoning module AnimGraphRuntime (18)
[2017.12.07-06.21.21:330][ 11]LogModuleManager: Shutting down and abandoning module Renderer (16)
[2017.12.07-06.21.21:330][ 11]LogModuleManager: Shutting down and abandoning module Engine (14)
[2017.12.07-06.21.21:330][ 11]LogModuleManager: Shutting down and abandoning module CoreUObject (12)
[2017.12.07-06.21.21:330][ 11]LogModuleManager: Shutting down and abandoning module NetworkFile (10)
[2017.12.07-06.21.21:330][ 11]LogModuleManager: Shutting down and abandoning module CookedIterativeFile (8)
[2017.12.07-06.21.21:330][ 11]LogModuleManager: Shutting down and abandoning module StreamingFile (6)
[2017.12.07-06.21.21:330][ 11]LogModuleManager: Shutting down and abandoning module SandboxFile (4)
[2017.12.07-06.21.21:330][ 11]LogModuleManager: Shutting down and abandoning module PakFile (2)
[2017.12.07-06.21.21:333][ 11]LogExit: Exiting.
[2017.12.07-06.21.21:366][ 11]Log file closed, 12/06/17 22:21:21
